2017-01-03T19:09:35.627Z - error: uncaughtException: Unexpected token import date=Tue Jan 03 2017 14:09:35 GMT-0500 (EST), pid=2594, uid=501, gid=20, cwd=/Users/kumar/NODE_APP/node-express, execPath=/usr/local/bin/node, version=v6.9.2, argv=[/usr/local/bin/node, /Users/kumar/NODE_APP/node-express/server.js], rss=46927872, heapTotal=32542720, heapUsed=20867280, loadavg=[1.69482421875, 1.83056640625, 1.74658203125], uptime=93557, trace=[column=16, file=vm.js, function=Object.exports.runInThisContext, line=76, method=exports.runInThisContext, native=false, column=28, file=module.js, function=Module._compile, line=542, method=_compile, native=false, column=10, file=module.js, function=Object.Module._extensions..js, line=579, method=Module._extensions..js, native=false, column=32, file=module.js, function=Module.load, line=487, method=load, native=false, column=12, file=module.js, function=tryModuleLoad, line=446, method=null, native=false, column=3, file=module.js, function=Function.Module._load, line=438, method=Module._load, native=false, column=17, file=module.js, function=Module.require, line=497, method=require, native=false, column=19, file=internal/module.js, function=require, line=20, method=null, native=false, column=19, file=/Users/kumar/NODE_APP/node-express/app.js, function=, line=8, method=null, native=false, column=32, file=module.js, function=Module._compile, line=570, method=_compile, native=false, column=10, file=module.js, function=Object.Module._extensions..js, line=579, method=Module._extensions..js, native=false, column=32, file=module.js, function=Module.load, line=487, method=load, native=false, column=12, file=module.js, function=tryModuleLoad, line=446, method=null, native=false, column=3, file=module.js, function=Function.Module._load, line=438, method=Module._load, native=false, column=17, file=module.js, function=Module.require, line=497, method=require, native=false, column=19, file=internal/module.js, function=require, line=20, method=null, native=false], stack=[/Users/kumar/NODE_APP/node-express/routes/member.js:4, import Member from '../models/member';, ^^^^^^, SyntaxError: Unexpected token import,     at Object.exports.runInThisContext (vm.js:76:16),     at Module._compile (module.js:542:28),     at Object.Module._extensions..js (module.js:579:10),     at Module.load (module.js:487:32),     at tryModuleLoad (module.js:446:12),     at Function.Module._load (module.js:438:3),     at Module.require (module.js:497:17),     at require (internal/module.js:20:19),     at Object.<anonymous> (/Users/kumar/NODE_APP/node-express/app.js:8:19),     at Module._compile (module.js:570:32),     at Object.Module._extensions..js (module.js:579:10),     at Module.load (module.js:487:32),     at tryModuleLoad (module.js:446:12),     at Function.Module._load (module.js:438:3),     at Module.require (module.js:497:17),     at require (internal/module.js:20:19)]
2017-01-03T19:12:26.861Z - error: uncaughtException: Unexpected token import date=Tue Jan 03 2017 14:12:26 GMT-0500 (EST), pid=2624, uid=501, gid=20, cwd=/Users/kumar/NODE_APP/node-express, execPath=/usr/local/bin/node, version=v6.9.2, argv=[/usr/local/bin/node, /Users/kumar/NODE_APP/node-express/server.js], rss=46895104, heapTotal=32542720, heapUsed=20887816, loadavg=[1.64501953125, 1.72900390625, 1.71435546875], uptime=93728, trace=[column=16, file=vm.js, function=Object.exports.runInThisContext, line=76, method=exports.runInThisContext, native=false, column=28, file=module.js, function=Module._compile, line=542, method=_compile, native=false, column=10, file=module.js, function=Object.Module._extensions..js, line=579, method=Module._extensions..js, native=false, column=32, file=module.js, function=Module.load, line=487, method=load, native=false, column=12, file=module.js, function=tryModuleLoad, line=446, method=null, native=false, column=3, file=module.js, function=Function.Module._load, line=438, method=Module._load, native=false, column=17, file=module.js, function=Module.require, line=497, method=require, native=false, column=19, file=internal/module.js, function=require, line=20, method=null, native=false, column=19, file=/Users/kumar/NODE_APP/node-express/app.js, function=, line=8, method=null, native=false, column=32, file=module.js, function=Module._compile, line=570, method=_compile, native=false, column=10, file=module.js, function=Object.Module._extensions..js, line=579, method=Module._extensions..js, native=false, column=32, file=module.js, function=Module.load, line=487, method=load, native=false, column=12, file=module.js, function=tryModuleLoad, line=446, method=null, native=false, column=3, file=module.js, function=Function.Module._load, line=438, method=Module._load, native=false, column=17, file=module.js, function=Module.require, line=497, method=require, native=false, column=19, file=internal/module.js, function=require, line=20, method=null, native=false], stack=[/Users/kumar/NODE_APP/node-express/routes/member.js:4, import Member from '../models/member';, ^^^^^^, SyntaxError: Unexpected token import,     at Object.exports.runInThisContext (vm.js:76:16),     at Module._compile (module.js:542:28),     at Object.Module._extensions..js (module.js:579:10),     at Module.load (module.js:487:32),     at tryModuleLoad (module.js:446:12),     at Function.Module._load (module.js:438:3),     at Module.require (module.js:497:17),     at require (internal/module.js:20:19),     at Object.<anonymous> (/Users/kumar/NODE_APP/node-express/app.js:8:19),     at Module._compile (module.js:570:32),     at Object.Module._extensions..js (module.js:579:10),     at Module.load (module.js:487:32),     at tryModuleLoad (module.js:446:12),     at Function.Module._load (module.js:438:3),     at Module.require (module.js:497:17),     at require (internal/module.js:20:19)]
2017-01-03T19:13:54.911Z - error: uncaughtException: Unexpected token ) date=Tue Jan 03 2017 14:13:54 GMT-0500 (EST), pid=2631, uid=501, gid=20, cwd=/Users/kumar/NODE_APP/node-express, execPath=/usr/local/bin/node, version=v6.9.2, argv=[/usr/local/bin/node, /Users/kumar/NODE_APP/node-express/server.js], rss=47026176, heapTotal=32542720, heapUsed=20870616, loadavg=[1.74267578125, 1.7109375, 1.7041015625], uptime=93816, trace=[column=16, file=vm.js, function=Object.exports.runInThisContext, line=76, method=exports.runInThisContext, native=false, column=28, file=module.js, function=Module._compile, line=542, method=_compile, native=false, column=10, file=module.js, function=Object.Module._extensions..js, line=579, method=Module._extensions..js, native=false, column=32, file=module.js, function=Module.load, line=487, method=load, native=false, column=12, file=module.js, function=tryModuleLoad, line=446, method=null, native=false, column=3, file=module.js, function=Function.Module._load, line=438, method=Module._load, native=false, column=17, file=module.js, function=Module.require, line=497, method=require, native=false, column=19, file=internal/module.js, function=require, line=20, method=null, native=false, column=19, file=/Users/kumar/NODE_APP/node-express/app.js, function=, line=8, method=null, native=false, column=32, file=module.js, function=Module._compile, line=570, method=_compile, native=false, column=10, file=module.js, function=Object.Module._extensions..js, line=579, method=Module._extensions..js, native=false, column=32, file=module.js, function=Module.load, line=487, method=load, native=false, column=12, file=module.js, function=tryModuleLoad, line=446, method=null, native=false, column=3, file=module.js, function=Function.Module._load, line=438, method=Module._load, native=false, column=17, file=module.js, function=Module.require, line=497, method=require, native=false, column=19, file=internal/module.js, function=require, line=20, method=null, native=false], stack=[/Users/kumar/NODE_APP/node-express/routes/member.js:11,   Member.get(req.params.memberId)),                                  ^, SyntaxError: Unexpected token ),     at Object.exports.runInThisContext (vm.js:76:16),     at Module._compile (module.js:542:28),     at Object.Module._extensions..js (module.js:579:10),     at Module.load (module.js:487:32),     at tryModuleLoad (module.js:446:12),     at Function.Module._load (module.js:438:3),     at Module.require (module.js:497:17),     at require (internal/module.js:20:19),     at Object.<anonymous> (/Users/kumar/NODE_APP/node-express/app.js:8:19),     at Module._compile (module.js:570:32),     at Object.Module._extensions..js (module.js:579:10),     at Module.load (module.js:487:32),     at tryModuleLoad (module.js:446:12),     at Function.Module._load (module.js:438:3),     at Module.require (module.js:497:17),     at require (internal/module.js:20:19)]
2017-01-03T19:21:03.159Z - error: uncaughtException: Unexpected token ) date=Tue Jan 03 2017 14:21:03 GMT-0500 (EST), pid=2712, uid=501, gid=20, cwd=/Users/kumar/NODE_APP/node-express, execPath=/usr/local/bin/node, version=v6.9.2, argv=[/usr/local/bin/node, /Users/kumar/NODE_APP/node-express/server.js], rss=47116288, heapTotal=32542720, heapUsed=20886560, loadavg=[1.92626953125, 2.318359375, 2.02392578125], uptime=94245, trace=[column=16, file=vm.js, function=Object.exports.runInThisContext, line=76, method=exports.runInThisContext, native=false, column=28, file=module.js, function=Module._compile, line=542, method=_compile, native=false, column=10, file=module.js, function=Object.Module._extensions..js, line=579, method=Module._extensions..js, native=false, column=32, file=module.js, function=Module.load, line=487, method=load, native=false, column=12, file=module.js, function=tryModuleLoad, line=446, method=null, native=false, column=3, file=module.js, function=Function.Module._load, line=438, method=Module._load, native=false, column=17, file=module.js, function=Module.require, line=497, method=require, native=false, column=19, file=internal/module.js, function=require, line=20, method=null, native=false, column=19, file=/Users/kumar/NODE_APP/node-express/app.js, function=, line=8, method=null, native=false, column=32, file=module.js, function=Module._compile, line=570, method=_compile, native=false, column=10, file=module.js, function=Object.Module._extensions..js, line=579, method=Module._extensions..js, native=false, column=32, file=module.js, function=Module.load, line=487, method=load, native=false, column=12, file=module.js, function=tryModuleLoad, line=446, method=null, native=false, column=3, file=module.js, function=Function.Module._load, line=438, method=Module._load, native=false, column=17, file=module.js, function=Module.require, line=497, method=require, native=false, column=19, file=internal/module.js, function=require, line=20, method=null, native=false], stack=[/Users/kumar/NODE_APP/node-express/routes/member.js:11,   Member.get(req.params.memberId)),                                  ^, SyntaxError: Unexpected token ),     at Object.exports.runInThisContext (vm.js:76:16),     at Module._compile (module.js:542:28),     at Object.Module._extensions..js (module.js:579:10),     at Module.load (module.js:487:32),     at tryModuleLoad (module.js:446:12),     at Function.Module._load (module.js:438:3),     at Module.require (module.js:497:17),     at require (internal/module.js:20:19),     at Object.<anonymous> (/Users/kumar/NODE_APP/node-express/app.js:8:19),     at Module._compile (module.js:570:32),     at Object.Module._extensions..js (module.js:579:10),     at Module.load (module.js:487:32),     at tryModuleLoad (module.js:446:12),     at Function.Module._load (module.js:438:3),     at Module.require (module.js:497:17),     at require (internal/module.js:20:19)]
2017-01-03T19:21:28.918Z - error: uncaughtException: Unexpected token export date=Tue Jan 03 2017 14:21:28 GMT-0500 (EST), pid=2719, uid=501, gid=20, cwd=/Users/kumar/NODE_APP/node-express, execPath=/usr/local/bin/node, version=v6.9.2, argv=[/usr/local/bin/node, /Users/kumar/NODE_APP/node-express/server.js], rss=47652864, heapTotal=32542720, heapUsed=20935672, loadavg=[1.90576171875, 2.27685546875, 2.015625], uptime=94270, trace=[column=16, file=vm.js, function=Object.exports.runInThisContext, line=76, method=exports.runInThisContext, native=false, column=28, file=module.js, function=Module._compile, line=542, method=_compile, native=false, column=10, file=module.js, function=Object.Module._extensions..js, line=579, method=Module._extensions..js, native=false, column=32, file=module.js, function=Module.load, line=487, method=load, native=false, column=12, file=module.js, function=tryModuleLoad, line=446, method=null, native=false, column=3, file=module.js, function=Function.Module._load, line=438, method=Module._load, native=false, column=17, file=module.js, function=Module.require, line=497, method=require, native=false, column=19, file=internal/module.js, function=require, line=20, method=null, native=false, column=14, file=/Users/kumar/NODE_APP/node-express/routes/member.js, function=, line=4, method=null, native=false, column=32, file=module.js, function=Module._compile, line=570, method=_compile, native=false, column=10, file=module.js, function=Object.Module._extensions..js, line=579, method=Module._extensions..js, native=false, column=32, file=module.js, function=Module.load, line=487, method=load, native=false, column=12, file=module.js, function=tryModuleLoad, line=446, method=null, native=false, column=3, file=module.js, function=Function.Module._load, line=438, method=Module._load, native=false, column=17, file=module.js, function=Module.require, line=497, method=require, native=false, column=19, file=internal/module.js, function=require, line=20, method=null, native=false], stack=[/Users/kumar/NODE_APP/node-express/models/member.js:36, export default mongoose.model('Member', MemberSchema);, ^^^^^^, SyntaxError: Unexpected token export,     at Object.exports.runInThisContext (vm.js:76:16),     at Module._compile (module.js:542:28),     at Object.Module._extensions..js (module.js:579:10),     at Module.load (module.js:487:32),     at tryModuleLoad (module.js:446:12),     at Function.Module._load (module.js:438:3),     at Module.require (module.js:497:17),     at require (internal/module.js:20:19),     at Object.<anonymous> (/Users/kumar/NODE_APP/node-express/routes/member.js:4:14),     at Module._compile (module.js:570:32),     at Object.Module._extensions..js (module.js:579:10),     at Module.load (module.js:487:32),     at tryModuleLoad (module.js:446:12),     at Function.Module._load (module.js:438:3),     at Module.require (module.js:497:17),     at require (internal/module.js:20:19)]
2017-01-03T19:21:59.422Z - error: uncaughtException: Unexpected token export date=Tue Jan 03 2017 14:21:59 GMT-0500 (EST), pid=2735, uid=501, gid=20, cwd=/Users/kumar/NODE_APP/node-express, execPath=/usr/local/bin/node, version=v6.9.2, argv=[/usr/local/bin/node, /Users/kumar/NODE_APP/node-express/server.js], rss=47263744, heapTotal=32542720, heapUsed=20907680, loadavg=[1.7705078125, 2.20263671875, 1.99609375], uptime=94301, trace=[column=16, file=vm.js, function=Object.exports.runInThisContext, line=76, method=exports.runInThisContext, native=false, column=28, file=module.js, function=Module._compile, line=542, method=_compile, native=false, column=10, file=module.js, function=Object.Module._extensions..js, line=579, method=Module._extensions..js, native=false, column=32, file=module.js, function=Module.load, line=487, method=load, native=false, column=12, file=module.js, function=tryModuleLoad, line=446, method=null, native=false, column=3, file=module.js, function=Function.Module._load, line=438, method=Module._load, native=false, column=17, file=module.js, function=Module.require, line=497, method=require, native=false, column=19, file=internal/module.js, function=require, line=20, method=null, native=false, column=14, file=/Users/kumar/NODE_APP/node-express/routes/member.js, function=, line=4, method=null, native=false, column=32, file=module.js, function=Module._compile, line=570, method=_compile, native=false, column=10, file=module.js, function=Object.Module._extensions..js, line=579, method=Module._extensions..js, native=false, column=32, file=module.js, function=Module.load, line=487, method=load, native=false, column=12, file=module.js, function=tryModuleLoad, line=446, method=null, native=false, column=3, file=module.js, function=Function.Module._load, line=438, method=Module._load, native=false, column=17, file=module.js, function=Module.require, line=497, method=require, native=false, column=19, file=internal/module.js, function=require, line=20, method=null, native=false], stack=[/Users/kumar/NODE_APP/node-express/models/member.js:36, export default mongoose.model('Member', MemberSchema);, ^^^^^^, SyntaxError: Unexpected token export,     at Object.exports.runInThisContext (vm.js:76:16),     at Module._compile (module.js:542:28),     at Object.Module._extensions..js (module.js:579:10),     at Module.load (module.js:487:32),     at tryModuleLoad (module.js:446:12),     at Function.Module._load (module.js:438:3),     at Module.require (module.js:497:17),     at require (internal/module.js:20:19),     at Object.<anonymous> (/Users/kumar/NODE_APP/node-express/routes/member.js:4:14),     at Module._compile (module.js:570:32),     at Object.Module._extensions..js (module.js:579:10),     at Module.load (module.js:487:32),     at tryModuleLoad (module.js:446:12),     at Function.Module._load (module.js:438:3),     at Module.require (module.js:497:17),     at require (internal/module.js:20:19)]
2017-01-03T19:22:08.799Z - error: uncaughtException: Unexpected token export date=Tue Jan 03 2017 14:22:08 GMT-0500 (EST), pid=2741, uid=501, gid=20, cwd=/Users/kumar/NODE_APP/node-express, execPath=/usr/local/bin/node, version=v6.9.2, argv=[/usr/local/bin/node, /Users/kumar/NODE_APP/node-express/server.js], rss=47329280, heapTotal=32542720, heapUsed=20923976, loadavg=[1.96533203125, 2.22900390625, 2.0078125], uptime=94310, trace=[column=16, file=vm.js, function=Object.exports.runInThisContext, line=76, method=exports.runInThisContext, native=false, column=28, file=module.js, function=Module._compile, line=542, method=_compile, native=false, column=10, file=module.js, function=Object.Module._extensions..js, line=579, method=Module._extensions..js, native=false, column=32, file=module.js, function=Module.load, line=487, method=load, native=false, column=12, file=module.js, function=tryModuleLoad, line=446, method=null, native=false, column=3, file=module.js, function=Function.Module._load, line=438, method=Module._load, native=false, column=17, file=module.js, function=Module.require, line=497, method=require, native=false, column=19, file=internal/module.js, function=require, line=20, method=null, native=false, column=14, file=/Users/kumar/NODE_APP/node-express/routes/member.js, function=, line=4, method=null, native=false, column=32, file=module.js, function=Module._compile, line=570, method=_compile, native=false, column=10, file=module.js, function=Object.Module._extensions..js, line=579, method=Module._extensions..js, native=false, column=32, file=module.js, function=Module.load, line=487, method=load, native=false, column=12, file=module.js, function=tryModuleLoad, line=446, method=null, native=false, column=3, file=module.js, function=Function.Module._load, line=438, method=Module._load, native=false, column=17, file=module.js, function=Module.require, line=497, method=require, native=false, column=19, file=internal/module.js, function=require, line=20, method=null, native=false], stack=[/Users/kumar/NODE_APP/node-express/models/member.js:36, export default mongoose.model('Member', MemberSchema);, ^^^^^^, SyntaxError: Unexpected token export,     at Object.exports.runInThisContext (vm.js:76:16),     at Module._compile (module.js:542:28),     at Object.Module._extensions..js (module.js:579:10),     at Module.load (module.js:487:32),     at tryModuleLoad (module.js:446:12),     at Function.Module._load (module.js:438:3),     at Module.require (module.js:497:17),     at require (internal/module.js:20:19),     at Object.<anonymous> (/Users/kumar/NODE_APP/node-express/routes/member.js:4:14),     at Module._compile (module.js:570:32),     at Object.Module._extensions..js (module.js:579:10),     at Module.load (module.js:487:32),     at tryModuleLoad (module.js:446:12),     at Function.Module._load (module.js:438:3),     at Module.require (module.js:497:17),     at require (internal/module.js:20:19)]
2017-01-03T19:23:38.608Z - error: uncaughtException: Unexpected token export date=Tue Jan 03 2017 14:23:38 GMT-0500 (EST), pid=2754, uid=501, gid=20, cwd=/Users/kumar/NODE_APP/node-express, execPath=/usr/local/bin/node, version=v6.9.2, argv=[/usr/local/bin/node, /Users/kumar/NODE_APP/node-express/server.js], rss=47243264, heapTotal=32542720, heapUsed=20911752, loadavg=[1.5048828125, 1.98291015625, 1.93017578125], uptime=94400, trace=[column=16, file=vm.js, function=Object.exports.runInThisContext, line=76, method=exports.runInThisContext, native=false, column=28, file=module.js, function=Module._compile, line=542, method=_compile, native=false, column=10, file=module.js, function=Object.Module._extensions..js, line=579, method=Module._extensions..js, native=false, column=32, file=module.js, function=Module.load, line=487, method=load, native=false, column=12, file=module.js, function=tryModuleLoad, line=446, method=null, native=false, column=3, file=module.js, function=Function.Module._load, line=438, method=Module._load, native=false, column=17, file=module.js, function=Module.require, line=497, method=require, native=false, column=19, file=internal/module.js, function=require, line=20, method=null, native=false, column=14, file=/Users/kumar/NODE_APP/node-express/routes/member.js, function=, line=4, method=null, native=false, column=32, file=module.js, function=Module._compile, line=570, method=_compile, native=false, column=10, file=module.js, function=Object.Module._extensions..js, line=579, method=Module._extensions..js, native=false, column=32, file=module.js, function=Module.load, line=487, method=load, native=false, column=12, file=module.js, function=tryModuleLoad, line=446, method=null, native=false, column=3, file=module.js, function=Function.Module._load, line=438, method=Module._load, native=false, column=17, file=module.js, function=Module.require, line=497, method=require, native=false, column=19, file=internal/module.js, function=require, line=20, method=null, native=false], stack=[/Users/kumar/NODE_APP/node-express/models/member.js:36, export default mongoose.model('Member', MemberSchema);, ^^^^^^, SyntaxError: Unexpected token export,     at Object.exports.runInThisContext (vm.js:76:16),     at Module._compile (module.js:542:28),     at Object.Module._extensions..js (module.js:579:10),     at Module.load (module.js:487:32),     at tryModuleLoad (module.js:446:12),     at Function.Module._load (module.js:438:3),     at Module.require (module.js:497:17),     at require (internal/module.js:20:19),     at Object.<anonymous> (/Users/kumar/NODE_APP/node-express/routes/member.js:4:14),     at Module._compile (module.js:570:32),     at Object.Module._extensions..js (module.js:579:10),     at Module.load (module.js:487:32),     at tryModuleLoad (module.js:446:12),     at Function.Module._load (module.js:438:3),     at Module.require (module.js:497:17),     at require (internal/module.js:20:19)]
2017-01-03T19:24:40.273Z - error: uncaughtException: Unexpected token export date=Tue Jan 03 2017 14:24:40 GMT-0500 (EST), pid=2765, uid=501, gid=20, cwd=/Users/kumar/NODE_APP/node-express, execPath=/usr/local/bin/node, version=v6.9.2, argv=[/usr/local/bin/node, /Users/kumar/NODE_APP/node-express/server.js], rss=47779840, heapTotal=32542720, heapUsed=20903848, loadavg=[1.34521484375, 1.84765625, 1.8818359375], uptime=94462, trace=[column=16, file=vm.js, function=Object.exports.runInThisContext, line=76, method=exports.runInThisContext, native=false, column=28, file=module.js, function=Module._compile, line=542, method=_compile, native=false, column=10, file=module.js, function=Object.Module._extensions..js, line=579, method=Module._extensions..js, native=false, column=32, file=module.js, function=Module.load, line=487, method=load, native=false, column=12, file=module.js, function=tryModuleLoad, line=446, method=null, native=false, column=3, file=module.js, function=Function.Module._load, line=438, method=Module._load, native=false, column=17, file=module.js, function=Module.require, line=497, method=require, native=false, column=19, file=internal/module.js, function=require, line=20, method=null, native=false, column=14, file=/Users/kumar/NODE_APP/node-express/routes/member.js, function=, line=4, method=null, native=false, column=32, file=module.js, function=Module._compile, line=570, method=_compile, native=false, column=10, file=module.js, function=Object.Module._extensions..js, line=579, method=Module._extensions..js, native=false, column=32, file=module.js, function=Module.load, line=487, method=load, native=false, column=12, file=module.js, function=tryModuleLoad, line=446, method=null, native=false, column=3, file=module.js, function=Function.Module._load, line=438, method=Module._load, native=false, column=17, file=module.js, function=Module.require, line=497, method=require, native=false, column=19, file=internal/module.js, function=require, line=20, method=null, native=false], stack=[/Users/kumar/NODE_APP/node-express/models/member.js:36, export default mongoose.model('Member', MemberSchema);, ^^^^^^, SyntaxError: Unexpected token export,     at Object.exports.runInThisContext (vm.js:76:16),     at Module._compile (module.js:542:28),     at Object.Module._extensions..js (module.js:579:10),     at Module.load (module.js:487:32),     at tryModuleLoad (module.js:446:12),     at Function.Module._load (module.js:438:3),     at Module.require (module.js:497:17),     at require (internal/module.js:20:19),     at Object.<anonymous> (/Users/kumar/NODE_APP/node-express/routes/member.js:4:14),     at Module._compile (module.js:570:32),     at Object.Module._extensions..js (module.js:579:10),     at Module.load (module.js:487:32),     at tryModuleLoad (module.js:446:12),     at Function.Module._load (module.js:438:3),     at Module.require (module.js:497:17),     at require (internal/module.js:20:19)]
2017-01-03T19:27:33.875Z - error: uncaughtException: Unexpected token ) date=Tue Jan 03 2017 14:27:33 GMT-0500 (EST), pid=2780, uid=501, gid=20, cwd=/Users/kumar/NODE_APP/node-express, execPath=/usr/local/bin/node, version=v6.9.2, argv=[/usr/local/bin/node, /Users/kumar/NODE_APP/node-express/server.js], rss=46931968, heapTotal=32542720, heapUsed=20888888, loadavg=[1.49072265625, 1.65869140625, 1.78955078125], uptime=94635, trace=[column=16, file=vm.js, function=Object.exports.runInThisContext, line=76, method=exports.runInThisContext, native=false, column=28, file=module.js, function=Module._compile, line=542, method=_compile, native=false, column=10, file=module.js, function=Object.Module._extensions..js, line=579, method=Module._extensions..js, native=false, column=32, file=module.js, function=Module.load, line=487, method=load, native=false, column=12, file=module.js, function=tryModuleLoad, line=446, method=null, native=false, column=3, file=module.js, function=Function.Module._load, line=438, method=Module._load, native=false, column=17, file=module.js, function=Module.require, line=497, method=require, native=false, column=19, file=internal/module.js, function=require, line=20, method=null, native=false, column=19, file=/Users/kumar/NODE_APP/node-express/app.js, function=, line=8, method=null, native=false, column=32, file=module.js, function=Module._compile, line=570, method=_compile, native=false, column=10, file=module.js, function=Object.Module._extensions..js, line=579, method=Module._extensions..js, native=false, column=32, file=module.js, function=Module.load, line=487, method=load, native=false, column=12, file=module.js, function=tryModuleLoad, line=446, method=null, native=false, column=3, file=module.js, function=Function.Module._load, line=438, method=Module._load, native=false, column=17, file=module.js, function=Module.require, line=497, method=require, native=false, column=19, file=internal/module.js, function=require, line=20, method=null, native=false], stack=[/Users/kumar/NODE_APP/node-express/routes/member.js:11,   Member.get(req.params.memberId)),                                  ^, SyntaxError: Unexpected token ),     at Object.exports.runInThisContext (vm.js:76:16),     at Module._compile (module.js:542:28),     at Object.Module._extensions..js (module.js:579:10),     at Module.load (module.js:487:32),     at tryModuleLoad (module.js:446:12),     at Function.Module._load (module.js:438:3),     at Module.require (module.js:497:17),     at require (internal/module.js:20:19),     at Object.<anonymous> (/Users/kumar/NODE_APP/node-express/app.js:8:19),     at Module._compile (module.js:570:32),     at Object.Module._extensions..js (module.js:579:10),     at Module.load (module.js:487:32),     at tryModuleLoad (module.js:446:12),     at Function.Module._load (module.js:438:3),     at Module.require (module.js:497:17),     at require (internal/module.js:20:19)]
2017-01-03T20:44:29.271Z - error: uncaughtException: Unexpected token export date=Tue Jan 03 2017 15:44:29 GMT-0500 (EST), pid=3421, uid=501, gid=20, cwd=/Users/kumar/NODE_APP/node-express, execPath=/usr/local/bin/node, version=v6.9.2, argv=[/usr/local/bin/node, /Users/kumar/NODE_APP/node-express/server.js], rss=47243264, heapTotal=33591296, heapUsed=21324688, loadavg=[1.72802734375, 1.83740234375, 1.88916015625], uptime=99254, trace=[column=16, file=vm.js, function=Object.exports.runInThisContext, line=76, method=exports.runInThisContext, native=false, column=28, file=module.js, function=Module._compile, line=542, method=_compile, native=false, column=10, file=module.js, function=Object.Module._extensions..js, line=579, method=Module._extensions..js, native=false, column=32, file=module.js, function=Module.load, line=487, method=load, native=false, column=12, file=module.js, function=tryModuleLoad, line=446, method=null, native=false, column=3, file=module.js, function=Function.Module._load, line=438, method=Module._load, native=false, column=17, file=module.js, function=Module.require, line=497, method=require, native=false, column=19, file=internal/module.js, function=require, line=20, method=null, native=false, column=22, file=/Users/kumar/NODE_APP/node-express/routes/member.js, function=, line=5, method=null, native=false, column=32, file=module.js, function=Module._compile, line=570, method=_compile, native=false, column=10, file=module.js, function=Object.Module._extensions..js, line=579, method=Module._extensions..js, native=false, column=32, file=module.js, function=Module.load, line=487, method=load, native=false, column=12, file=module.js, function=tryModuleLoad, line=446, method=null, native=false, column=3, file=module.js, function=Function.Module._load, line=438, method=Module._load, native=false, column=17, file=module.js, function=Module.require, line=497, method=require, native=false, column=19, file=internal/module.js, function=require, line=20, method=null, native=false], stack=[/Users/kumar/NODE_APP/node-express/helper/responseHelper.js:10, export default { successResponse };, ^^^^^^, SyntaxError: Unexpected token export,     at Object.exports.runInThisContext (vm.js:76:16),     at Module._compile (module.js:542:28),     at Object.Module._extensions..js (module.js:579:10),     at Module.load (module.js:487:32),     at tryModuleLoad (module.js:446:12),     at Function.Module._load (module.js:438:3),     at Module.require (module.js:497:17),     at require (internal/module.js:20:19),     at Object.<anonymous> (/Users/kumar/NODE_APP/node-express/routes/member.js:5:22),     at Module._compile (module.js:570:32),     at Object.Module._extensions..js (module.js:579:10),     at Module.load (module.js:487:32),     at tryModuleLoad (module.js:446:12),     at Function.Module._load (module.js:438:3),     at Module.require (module.js:497:17),     at require (internal/module.js:20:19)]
2017-01-03T20:55:32.200Z - error: uncaughtException: Cannot find module '../helper/responseHelper' date=Tue Jan 03 2017 15:55:32 GMT-0500 (EST), pid=3488, uid=501, gid=20, cwd=/Users/kumar/NODE_APP/node-express, execPath=/usr/local/bin/node, version=v6.9.2, argv=[/usr/local/bin/node, /Users/kumar/NODE_APP/node-express/server.js], rss=47738880, heapTotal=33591296, heapUsed=21410144, loadavg=[1.98974609375, 1.94384765625, 1.90478515625], uptime=99917, trace=[column=15, file=module.js, function=Function.Module._resolveFilename, line=469, method=Module._resolveFilename, native=false, column=25, file=module.js, function=Function.Module._load, line=417, method=Module._load, native=false, column=17, file=module.js, function=Module.require, line=497, method=require, native=false, column=19, file=internal/module.js, function=require, line=20, method=null, native=false, column=22, file=/Users/kumar/NODE_APP/node-express/app.js, function=, line=10, method=null, native=false, column=32, file=module.js, function=Module._compile, line=570, method=_compile, native=false, column=10, file=module.js, function=Object.Module._extensions..js, line=579, method=Module._extensions..js, native=false, column=32, file=module.js, function=Module.load, line=487, method=load, native=false, column=12, file=module.js, function=tryModuleLoad, line=446, method=null, native=false, column=3, file=module.js, function=Function.Module._load, line=438, method=Module._load, native=false, column=17, file=module.js, function=Module.require, line=497, method=require, native=false, column=19, file=internal/module.js, function=require, line=20, method=null, native=false, column=73, file=/Users/kumar/NODE_APP/node-express/server.js, function=, line=1, method=null, native=false, column=32, file=module.js, function=Module._compile, line=570, method=_compile, native=false, column=10, file=module.js, function=Object.Module._extensions..js, line=579, method=Module._extensions..js, native=false, column=32, file=module.js, function=Module.load, line=487, method=load, native=false], stack=[Error: Cannot find module '../helper/responseHelper',     at Function.Module._resolveFilename (module.js:469:15),     at Function.Module._load (module.js:417:25),     at Module.require (module.js:497:17),     at require (internal/module.js:20:19),     at Object.<anonymous> (/Users/kumar/NODE_APP/node-express/app.js:10:22),     at Module._compile (module.js:570:32),     at Object.Module._extensions..js (module.js:579:10),     at Module.load (module.js:487:32),     at tryModuleLoad (module.js:446:12),     at Function.Module._load (module.js:438:3),     at Module.require (module.js:497:17),     at require (internal/module.js:20:19),     at Object.<anonymous> (/Users/kumar/NODE_APP/node-express/server.js:1:73),     at Module._compile (module.js:570:32),     at Object.Module._extensions..js (module.js:579:10),     at Module.load (module.js:487:32)]
